Determining if the pthread_create exist failed with the following output:
Change Dir: /home/default/Repos/root/build/CMakeFiles/CMakeTmp

Run Build Command:"/usr/bin/make" "cmTC_cf639/fast"
/usr/bin/make -f CMakeFiles/cmTC_cf639.dir/build.make CMakeFiles/cmTC_cf639.dir/build
make[1]: Entering directory '/home/default/Repos/root/build/CMakeFiles/CMakeTmp'
Building C object CMakeFiles/cmTC_cf639.dir/CheckSymbolExists.c.o
/usr/bin/cc    -o CMakeFiles/cmTC_cf639.dir/CheckSymbolExists.c.o   -c /home/default/Repos/root/build/CMakeFiles/CMakeTmp/CheckSymbolExists.c
Linking C executable cmTC_cf639
/usr/bin/cmake -E cmake_link_script CMakeFiles/cmTC_cf639.dir/link.txt --verbose=1
/usr/bin/cc      CMakeFiles/cmTC_cf639.dir/CheckSymbolExists.c.o  -o cmTC_cf639 
CMakeFiles/cmTC_cf639.dir/CheckSymbolExists.c.o: In function `main':
CheckSymbolExists.c:(.text+0x1b): undefined reference to `pthread_create'
collect2: error: ld returned 1 exit status
CMakeFiles/cmTC_cf639.dir/build.make:97: recipe for target 'cmTC_cf639' failed
make[1]: *** [cmTC_cf639] Error 1
make[1]: Leaving directory '/home/default/Repos/root/build/CMakeFiles/CMakeTmp'
Makefile:126: recipe for target 'cmTC_cf639/fast' failed
make: *** [cmTC_cf639/fast] Error 2

File /home/default/Repos/root/build/CMakeFiles/CMakeTmp/CheckSymbolExists.c:
/* */
#include <pthread.h>

int main(int argc, char** argv)
{
  (void)argv;
#ifndef pthread_create
  return ((int*)(&pthread_create))[argc];
#else
  (void)argc;
  return 0;
#endif
}

Determining if the function pthread_create exists in the pthreads failed with the following output:
Change Dir: /home/default/Repos/root/build/CMakeFiles/CMakeTmp

Run Build Command:"/usr/bin/make" "cmTC_49de6/fast"
/usr/bin/make -f CMakeFiles/cmTC_49de6.dir/build.make CMakeFiles/cmTC_49de6.dir/build
make[1]: Entering directory '/home/default/Repos/root/build/CMakeFiles/CMakeTmp'
Building C object CMakeFiles/cmTC_49de6.dir/CheckFunctionExists.c.o
/usr/bin/cc   -DCHECK_FUNCTION_EXISTS=pthread_create   -o CMakeFiles/cmTC_49de6.dir/CheckFunctionExists.c.o   -c /usr/share/cmake-3.10/Modules/CheckFunctionExists.c
Linking C executable cmTC_49de6
/usr/bin/cmake -E cmake_link_script CMakeFiles/cmTC_49de6.dir/link.txt --verbose=1
/usr/bin/cc  -DCHECK_FUNCTION_EXISTS=pthread_create    CMakeFiles/cmTC_49de6.dir/CheckFunctionExists.c.o  -o cmTC_49de6 -lpthreads 
/usr/bin/ld: cannot find -lpthreads
collect2: error: ld returned 1 exit status
CMakeFiles/cmTC_49de6.dir/build.make:97: recipe for target 'cmTC_49de6' failed
make[1]: *** [cmTC_49de6] Error 1
make[1]: Leaving directory '/home/default/Repos/root/build/CMakeFiles/CMakeTmp'
Makefile:126: recipe for target 'cmTC_49de6/fast' failed
make: *** [cmTC_49de6/fast] Error 2


Determining if the function uuid_generate_random exists in the uuid failed with the following output:
Change Dir: /home/default/Repos/root/build/CMakeFiles/CMakeTmp

Run Build Command:"/usr/bin/make" "cmTC_ceba5/fast"
/usr/bin/make -f CMakeFiles/cmTC_ceba5.dir/build.make CMakeFiles/cmTC_ceba5.dir/build
make[1]: Entering directory '/home/default/Repos/root/build/CMakeFiles/CMakeTmp'
Building C object CMakeFiles/cmTC_ceba5.dir/CheckFunctionExists.c.o
/usr/bin/cc   -Wno-implicit-fallthrough -pipe -Wall -W -pthread -DCHECK_FUNCTION_EXISTS=uuid_generate_random   -o CMakeFiles/cmTC_ceba5.dir/CheckFunctionExists.c.o   -c /usr/share/cmake-3.10/Modules/CheckFunctionExists.c
Linking C executable cmTC_ceba5
/usr/bin/cmake -E cmake_link_script CMakeFiles/cmTC_ceba5.dir/link.txt --verbose=1
/usr/bin/cc  -Wno-implicit-fallthrough -pipe -Wall -W -pthread -DCHECK_FUNCTION_EXISTS=uuid_generate_random   -rdynamic  CMakeFiles/cmTC_ceba5.dir/CheckFunctionExists.c.o  -o cmTC_ceba5 -luuid 
/usr/bin/ld: cannot find -luuid
collect2: error: ld returned 1 exit status
CMakeFiles/cmTC_ceba5.dir/build.make:97: recipe for target 'cmTC_ceba5' failed
make[1]: *** [cmTC_ceba5] Error 1
make[1]: Leaving directory '/home/default/Repos/root/build/CMakeFiles/CMakeTmp'
Makefile:126: recipe for target 'cmTC_ceba5/fast' failed
make: *** [cmTC_ceba5/fast] Error 2


Determining if the include file malloc/malloc.h exists failed with the following output:
Change Dir: /home/default/Repos/root/build/CMakeFiles/CMakeTmp

Run Build Command:"/usr/bin/make" "cmTC_17f01/fast"
/usr/bin/make -f CMakeFiles/cmTC_17f01.dir/build.make CMakeFiles/cmTC_17f01.dir/build
make[1]: Entering directory '/home/default/Repos/root/build/CMakeFiles/CMakeTmp'
Building C object CMakeFiles/cmTC_17f01.dir/CheckIncludeFile.c.o
/usr/bin/cc   -Wno-implicit-fallthrough -pipe -Wall -W -pthread    -o CMakeFiles/cmTC_17f01.dir/CheckIncludeFile.c.o   -c /home/default/Repos/root/build/CMakeFiles/CMakeTmp/CheckIncludeFile.c
/home/default/Repos/root/build/CMakeFiles/CMakeTmp/CheckIncludeFile.c:1:10: fatal error: malloc/malloc.h: No such file or directory
 #include <malloc/malloc.h>
          ^~~~~~~~~~~~~~~~~
compilation terminated.
CMakeFiles/cmTC_17f01.dir/build.make:65: recipe for target 'CMakeFiles/cmTC_17f01.dir/CheckIncludeFile.c.o' failed
make[1]: *** [CMakeFiles/cmTC_17f01.dir/CheckIncludeFile.c.o] Error 1
make[1]: Leaving directory '/home/default/Repos/root/build/CMakeFiles/CMakeTmp'
Makefile:126: recipe for target 'cmTC_17f01/fast' failed
make: *** [cmTC_17f01/fast] Error 2


Determining if the include file ndir.h exists failed with the following output:
Change Dir: /home/default/Repos/root/build/CMakeFiles/CMakeTmp

Run Build Command:"/usr/bin/make" "cmTC_8f54f/fast"
/usr/bin/make -f CMakeFiles/cmTC_8f54f.dir/build.make CMakeFiles/cmTC_8f54f.dir/build
make[1]: Entering directory '/home/default/Repos/root/build/CMakeFiles/CMakeTmp'
Building C object CMakeFiles/cmTC_8f54f.dir/CheckIncludeFile.c.o
/usr/bin/cc   -Wno-implicit-fallthrough -pipe -Wall -W -pthread    -o CMakeFiles/cmTC_8f54f.dir/CheckIncludeFile.c.o   -c /home/default/Repos/root/build/CMakeFiles/CMakeTmp/CheckIncludeFile.c
/home/default/Repos/root/build/CMakeFiles/CMakeTmp/CheckIncludeFile.c:1:10: fatal error: ndir.h: No such file or directory
 #include <ndir.h>
          ^~~~~~~~
compilation terminated.
CMakeFiles/cmTC_8f54f.dir/build.make:65: recipe for target 'CMakeFiles/cmTC_8f54f.dir/CheckIncludeFile.c.o' failed
make[1]: *** [CMakeFiles/cmTC_8f54f.dir/CheckIncludeFile.c.o] Error 1
make[1]: Leaving directory '/home/default/Repos/root/build/CMakeFiles/CMakeTmp'
Makefile:126: recipe for target 'cmTC_8f54f/fast' failed
make: *** [cmTC_8f54f/fast] Error 2


Determining if the include file sys/ndir.h exists failed with the following output:
Change Dir: /home/default/Repos/root/build/CMakeFiles/CMakeTmp

Run Build Command:"/usr/bin/make" "cmTC_e86a3/fast"
/usr/bin/make -f CMakeFiles/cmTC_e86a3.dir/build.make CMakeFiles/cmTC_e86a3.dir/build
make[1]: Entering directory '/home/default/Repos/root/build/CMakeFiles/CMakeTmp'
Building C object CMakeFiles/cmTC_e86a3.dir/CheckIncludeFile.c.o
/usr/bin/cc   -Wno-implicit-fallthrough -pipe -Wall -W -pthread    -o CMakeFiles/cmTC_e86a3.dir/CheckIncludeFile.c.o   -c /home/default/Repos/root/build/CMakeFiles/CMakeTmp/CheckIncludeFile.c
/home/default/Repos/root/build/CMakeFiles/CMakeTmp/CheckIncludeFile.c:1:10: fatal error: sys/ndir.h: No such file or directory
 #include <sys/ndir.h>
          ^~~~~~~~~~~~
compilation terminated.
CMakeFiles/cmTC_e86a3.dir/build.make:65: recipe for target 'CMakeFiles/cmTC_e86a3.dir/CheckIncludeFile.c.o' failed
make[1]: *** [CMakeFiles/cmTC_e86a3.dir/CheckIncludeFile.c.o] Error 1
make[1]: Leaving directory '/home/default/Repos/root/build/CMakeFiles/CMakeTmp'
Makefile:126: recipe for target 'cmTC_e86a3/fast' failed
make: *** [cmTC_e86a3/fast] Error 2


Determining if the include file valgrind/valgrind.h exists failed with the following output:
Change Dir: /home/default/Repos/root/build/CMakeFiles/CMakeTmp

Run Build Command:"/usr/bin/make" "cmTC_7136e/fast"
/usr/bin/make -f CMakeFiles/cmTC_7136e.dir/build.make CMakeFiles/cmTC_7136e.dir/build
make[1]: Entering directory '/home/default/Repos/root/build/CMakeFiles/CMakeTmp'
Building C object CMakeFiles/cmTC_7136e.dir/CheckIncludeFile.c.o
/usr/bin/cc   -Wno-implicit-fallthrough -pipe -Wall -W -pthread    -o CMakeFiles/cmTC_7136e.dir/CheckIncludeFile.c.o   -c /home/default/Repos/root/build/CMakeFiles/CMakeTmp/CheckIncludeFile.c
/home/default/Repos/root/build/CMakeFiles/CMakeTmp/CheckIncludeFile.c:1:10: fatal error: valgrind/valgrind.h: No such file or directory
 #include <valgrind/valgrind.h>
          ^~~~~~~~~~~~~~~~~~~~~
compilation terminated.
CMakeFiles/cmTC_7136e.dir/build.make:65: recipe for target 'CMakeFiles/cmTC_7136e.dir/CheckIncludeFile.c.o' failed
make[1]: *** [CMakeFiles/cmTC_7136e.dir/CheckIncludeFile.c.o] Error 1
make[1]: Leaving directory '/home/default/Repos/root/build/CMakeFiles/CMakeTmp'
Makefile:126: recipe for target 'cmTC_7136e/fast' failed
make: *** [cmTC_7136e/fast] Error 2


Determining if the include file mach/mach.h exists failed with the following output:
Change Dir: /home/default/Repos/root/build/CMakeFiles/CMakeTmp

Run Build Command:"/usr/bin/make" "cmTC_79c93/fast"
/usr/bin/make -f CMakeFiles/cmTC_79c93.dir/build.make CMakeFiles/cmTC_79c93.dir/build
make[1]: Entering directory '/home/default/Repos/root/build/CMakeFiles/CMakeTmp'
Building C object CMakeFiles/cmTC_79c93.dir/CheckIncludeFile.c.o
/usr/bin/cc   -Wno-implicit-fallthrough -pipe -Wall -W -pthread    -o CMakeFiles/cmTC_79c93.dir/CheckIncludeFile.c.o   -c /home/default/Repos/root/build/CMakeFiles/CMakeTmp/CheckIncludeFile.c
/home/default/Repos/root/build/CMakeFiles/CMakeTmp/CheckIncludeFile.c:1:10: fatal error: mach/mach.h: No such file or directory
 #include <mach/mach.h>
          ^~~~~~~~~~~~~
compilation terminated.
CMakeFiles/cmTC_79c93.dir/build.make:65: recipe for target 'CMakeFiles/cmTC_79c93.dir/CheckIncludeFile.c.o' failed
make[1]: *** [CMakeFiles/cmTC_79c93.dir/CheckIncludeFile.c.o] Error 1
make[1]: Leaving directory '/home/default/Repos/root/build/CMakeFiles/CMakeTmp'
Makefile:126: recipe for target 'cmTC_79c93/fast' failed
make: *** [cmTC_79c93/fast] Error 2


Determining if the include file histedit.h exists failed with the following output:
Change Dir: /home/default/Repos/root/build/CMakeFiles/CMakeTmp

Run Build Command:"/usr/bin/make" "cmTC_fd5da/fast"
/usr/bin/make -f CMakeFiles/cmTC_fd5da.dir/build.make CMakeFiles/cmTC_fd5da.dir/build
make[1]: Entering directory '/home/default/Repos/root/build/CMakeFiles/CMakeTmp'
Building C object CMakeFiles/cmTC_fd5da.dir/CheckIncludeFile.c.o
/usr/bin/cc   -Wno-implicit-fallthrough -pipe -Wall -W -pthread    -o CMakeFiles/cmTC_fd5da.dir/CheckIncludeFile.c.o   -c /home/default/Repos/root/build/CMakeFiles/CMakeTmp/CheckIncludeFile.c
/home/default/Repos/root/build/CMakeFiles/CMakeTmp/CheckIncludeFile.c:1:10: fatal error: histedit.h: No such file or directory
 #include <histedit.h>
          ^~~~~~~~~~~~
compilation terminated.
CMakeFiles/cmTC_fd5da.dir/build.make:65: recipe for target 'CMakeFiles/cmTC_fd5da.dir/CheckIncludeFile.c.o' failed
make[1]: *** [CMakeFiles/cmTC_fd5da.dir/CheckIncludeFile.c.o] Error 1
make[1]: Leaving directory '/home/default/Repos/root/build/CMakeFiles/CMakeTmp'
Makefile:126: recipe for target 'cmTC_fd5da/fast' failed
make: *** [cmTC_fd5da/fast] Error 2


Determining if the include file CrashReporterClient.h exists failed with the following output:
Change Dir: /home/default/Repos/root/build/CMakeFiles/CMakeTmp

Run Build Command:"/usr/bin/make" "cmTC_e195b/fast"
/usr/bin/make -f CMakeFiles/cmTC_e195b.dir/build.make CMakeFiles/cmTC_e195b.dir/build
make[1]: Entering directory '/home/default/Repos/root/build/CMakeFiles/CMakeTmp'
Building C object CMakeFiles/cmTC_e195b.dir/CheckIncludeFile.c.o
/usr/bin/cc   -Wno-implicit-fallthrough -pipe -Wall -W -pthread    -o CMakeFiles/cmTC_e195b.dir/CheckIncludeFile.c.o   -c /home/default/Repos/root/build/CMakeFiles/CMakeTmp/CheckIncludeFile.c
/home/default/Repos/root/build/CMakeFiles/CMakeTmp/CheckIncludeFile.c:1:10: fatal error: CrashReporterClient.h: No such file or directory
 #include <CrashReporterClient.h>
          ^~~~~~~~~~~~~~~~~~~~~~~
compilation terminated.
CMakeFiles/cmTC_e195b.dir/build.make:65: recipe for target 'CMakeFiles/cmTC_e195b.dir/CheckIncludeFile.c.o' failed
make[1]: *** [CMakeFiles/cmTC_e195b.dir/CheckIncludeFile.c.o] Error 1
make[1]: Leaving directory '/home/default/Repos/root/build/CMakeFiles/CMakeTmp'
Makefile:126: recipe for target 'cmTC_e195b/fast' failed
make: *** [cmTC_e195b/fast] Error 2


Determining if the function setupterm exists in the tinfo failed with the following output:
Change Dir: /home/default/Repos/root/build/CMakeFiles/CMakeTmp

Run Build Command:"/usr/bin/make" "cmTC_24835/fast"
/usr/bin/make -f CMakeFiles/cmTC_24835.dir/build.make CMakeFiles/cmTC_24835.dir/build
make[1]: Entering directory '/home/default/Repos/root/build/CMakeFiles/CMakeTmp'
Building C object CMakeFiles/cmTC_24835.dir/CheckFunctionExists.c.o
/usr/bin/cc   -Wno-implicit-fallthrough -pipe -Wall -W -pthread -DCHECK_FUNCTION_EXISTS=setupterm   -o CMakeFiles/cmTC_24835.dir/CheckFunctionExists.c.o   -c /usr/share/cmake-3.10/Modules/CheckFunctionExists.c
Linking C executable cmTC_24835
/usr/bin/cmake -E cmake_link_script CMakeFiles/cmTC_24835.dir/link.txt --verbose=1
/usr/bin/cc  -Wno-implicit-fallthrough -pipe -Wall -W -pthread -DCHECK_FUNCTION_EXISTS=setupterm   -rdynamic  CMakeFiles/cmTC_24835.dir/CheckFunctionExists.c.o  -o cmTC_24835 -ltinfo -lm 
/usr/bin/ld: cannot find -ltinfo
collect2: error: ld returned 1 exit status
CMakeFiles/cmTC_24835.dir/build.make:97: recipe for target 'cmTC_24835' failed
make[1]: *** [cmTC_24835] Error 1
make[1]: Leaving directory '/home/default/Repos/root/build/CMakeFiles/CMakeTmp'
Makefile:126: recipe for target 'cmTC_24835/fast' failed
make: *** [cmTC_24835/fast] Error 2


Determining if the function setupterm exists in the terminfo failed with the following output:
Change Dir: /home/default/Repos/root/build/CMakeFiles/CMakeTmp

Run Build Command:"/usr/bin/make" "cmTC_7bce0/fast"
/usr/bin/make -f CMakeFiles/cmTC_7bce0.dir/build.make CMakeFiles/cmTC_7bce0.dir/build
make[1]: Entering directory '/home/default/Repos/root/build/CMakeFiles/CMakeTmp'
Building C object CMakeFiles/cmTC_7bce0.dir/CheckFunctionExists.c.o
/usr/bin/cc   -Wno-implicit-fallthrough -pipe -Wall -W -pthread -DCHECK_FUNCTION_EXISTS=setupterm   -o CMakeFiles/cmTC_7bce0.dir/CheckFunctionExists.c.o   -c /usr/share/cmake-3.10/Modules/CheckFunctionExists.c
Linking C executable cmTC_7bce0
/usr/bin/cmake -E cmake_link_script CMakeFiles/cmTC_7bce0.dir/link.txt --verbose=1
/usr/bin/cc  -Wno-implicit-fallthrough -pipe -Wall -W -pthread -DCHECK_FUNCTION_EXISTS=setupterm   -rdynamic  CMakeFiles/cmTC_7bce0.dir/CheckFunctionExists.c.o  -o cmTC_7bce0 -lterminfo -lm 
/usr/bin/ld: cannot find -lterminfo
collect2: error: ld returned 1 exit status
CMakeFiles/cmTC_7bce0.dir/build.make:97: recipe for target 'cmTC_7bce0' failed
make[1]: *** [cmTC_7bce0] Error 1
make[1]: Leaving directory '/home/default/Repos/root/build/CMakeFiles/CMakeTmp'
Makefile:126: recipe for target 'cmTC_7bce0/fast' failed
make: *** [cmTC_7bce0/fast] Error 2


Determining if the function setupterm exists in the curses failed with the following output:
Change Dir: /home/default/Repos/root/build/CMakeFiles/CMakeTmp

Run Build Command:"/usr/bin/make" "cmTC_70070/fast"
/usr/bin/make -f CMakeFiles/cmTC_70070.dir/build.make CMakeFiles/cmTC_70070.dir/build
make[1]: Entering directory '/home/default/Repos/root/build/CMakeFiles/CMakeTmp'
Building C object CMakeFiles/cmTC_70070.dir/CheckFunctionExists.c.o
/usr/bin/cc   -Wno-implicit-fallthrough -pipe -Wall -W -pthread -DCHECK_FUNCTION_EXISTS=setupterm   -o CMakeFiles/cmTC_70070.dir/CheckFunctionExists.c.o   -c /usr/share/cmake-3.10/Modules/CheckFunctionExists.c
Linking C executable cmTC_70070
/usr/bin/cmake -E cmake_link_script CMakeFiles/cmTC_70070.dir/link.txt --verbose=1
/usr/bin/cc  -Wno-implicit-fallthrough -pipe -Wall -W -pthread -DCHECK_FUNCTION_EXISTS=setupterm   -rdynamic  CMakeFiles/cmTC_70070.dir/CheckFunctionExists.c.o  -o cmTC_70070 -lcurses -lm 
/usr/bin/ld: cannot find -lcurses
collect2: error: ld returned 1 exit status
CMakeFiles/cmTC_70070.dir/build.make:97: recipe for target 'cmTC_70070' failed
make[1]: *** [cmTC_70070] Error 1
make[1]: Leaving directory '/home/default/Repos/root/build/CMakeFiles/CMakeTmp'
Makefile:126: recipe for target 'cmTC_70070/fast' failed
make: *** [cmTC_70070/fast] Error 2


Determining if the function setupterm exists in the ncurses failed with the following output:
Change Dir: /home/default/Repos/root/build/CMakeFiles/CMakeTmp

Run Build Command:"/usr/bin/make" "cmTC_2aa23/fast"
/usr/bin/make -f CMakeFiles/cmTC_2aa23.dir/build.make CMakeFiles/cmTC_2aa23.dir/build
make[1]: Entering directory '/home/default/Repos/root/build/CMakeFiles/CMakeTmp'
Building C object CMakeFiles/cmTC_2aa23.dir/CheckFunctionExists.c.o
/usr/bin/cc   -Wno-implicit-fallthrough -pipe -Wall -W -pthread -DCHECK_FUNCTION_EXISTS=setupterm   -o CMakeFiles/cmTC_2aa23.dir/CheckFunctionExists.c.o   -c /usr/share/cmake-3.10/Modules/CheckFunctionExists.c
Linking C executable cmTC_2aa23
/usr/bin/cmake -E cmake_link_script CMakeFiles/cmTC_2aa23.dir/link.txt --verbose=1
/usr/bin/cc  -Wno-implicit-fallthrough -pipe -Wall -W -pthread -DCHECK_FUNCTION_EXISTS=setupterm   -rdynamic  CMakeFiles/cmTC_2aa23.dir/CheckFunctionExists.c.o  -o cmTC_2aa23 -lncurses -lm 
/usr/bin/ld: cannot find -lncurses
collect2: error: ld returned 1 exit status
CMakeFiles/cmTC_2aa23.dir/build.make:97: recipe for target 'cmTC_2aa23' failed
make[1]: *** [cmTC_2aa23] Error 1
make[1]: Leaving directory '/home/default/Repos/root/build/CMakeFiles/CMakeTmp'
Makefile:126: recipe for target 'cmTC_2aa23/fast' failed
make: *** [cmTC_2aa23/fast] Error 2


Determining if the function setupterm exists in the ncursesw failed with the following output:
Change Dir: /home/default/Repos/root/build/CMakeFiles/CMakeTmp

Run Build Command:"/usr/bin/make" "cmTC_b7c25/fast"
/usr/bin/make -f CMakeFiles/cmTC_b7c25.dir/build.make CMakeFiles/cmTC_b7c25.dir/build
make[1]: Entering directory '/home/default/Repos/root/build/CMakeFiles/CMakeTmp'
Building C object CMakeFiles/cmTC_b7c25.dir/CheckFunctionExists.c.o
/usr/bin/cc   -Wno-implicit-fallthrough -pipe -Wall -W -pthread -DCHECK_FUNCTION_EXISTS=setupterm   -o CMakeFiles/cmTC_b7c25.dir/CheckFunctionExists.c.o   -c /usr/share/cmake-3.10/Modules/CheckFunctionExists.c
Linking C executable cmTC_b7c25
/usr/bin/cmake -E cmake_link_script CMakeFiles/cmTC_b7c25.dir/link.txt --verbose=1
/usr/bin/cc  -Wno-implicit-fallthrough -pipe -Wall -W -pthread -DCHECK_FUNCTION_EXISTS=setupterm   -rdynamic  CMakeFiles/cmTC_b7c25.dir/CheckFunctionExists.c.o  -o cmTC_b7c25 -lncursesw -lm 
/usr/bin/ld: cannot find -lncursesw
collect2: error: ld returned 1 exit status
CMakeFiles/cmTC_b7c25.dir/build.make:97: recipe for target 'cmTC_b7c25' failed
make[1]: *** [cmTC_b7c25] Error 1
make[1]: Leaving directory '/home/default/Repos/root/build/CMakeFiles/CMakeTmp'
Makefile:126: recipe for target 'cmTC_b7c25/fast' failed
make: *** [cmTC_b7c25/fast] Error 2


Determining if the function xar_open exists in the xar failed with the following output:
Change Dir: /home/default/Repos/root/build/CMakeFiles/CMakeTmp

Run Build Command:"/usr/bin/make" "cmTC_0533f/fast"
/usr/bin/make -f CMakeFiles/cmTC_0533f.dir/build.make CMakeFiles/cmTC_0533f.dir/build
make[1]: Entering directory '/home/default/Repos/root/build/CMakeFiles/CMakeTmp'
Building C object CMakeFiles/cmTC_0533f.dir/CheckFunctionExists.c.o
/usr/bin/cc   -Wno-implicit-fallthrough -pipe -Wall -W -pthread -DCHECK_FUNCTION_EXISTS=xar_open   -o CMakeFiles/cmTC_0533f.dir/CheckFunctionExists.c.o   -c /usr/share/cmake-3.10/Modules/CheckFunctionExists.c
Linking C executable cmTC_0533f
/usr/bin/cmake -E cmake_link_script CMakeFiles/cmTC_0533f.dir/link.txt --verbose=1
/usr/bin/cc  -Wno-implicit-fallthrough -pipe -Wall -W -pthread -DCHECK_FUNCTION_EXISTS=xar_open   -rdynamic  CMakeFiles/cmTC_0533f.dir/CheckFunctionExists.c.o  -o cmTC_0533f -lxar -lm 
/usr/bin/ld: cannot find -lxar
collect2: error: ld returned 1 exit status
CMakeFiles/cmTC_0533f.dir/build.make:97: recipe for target 'cmTC_0533f' failed
make[1]: *** [cmTC_0533f] Error 1
make[1]: Leaving directory '/home/default/Repos/root/build/CMakeFiles/CMakeTmp'
Makefile:126: recipe for target 'cmTC_0533f/fast' failed
make: *** [cmTC_0533f/fast] Error 2


Determining if the arc4random exist failed with the following output:
Change Dir: /home/default/Repos/root/build/CMakeFiles/CMakeTmp

Run Build Command:"/usr/bin/make" "cmTC_0d17c/fast"
/usr/bin/make -f CMakeFiles/cmTC_0d17c.dir/build.make CMakeFiles/cmTC_0d17c.dir/build
make[1]: Entering directory '/home/default/Repos/root/build/CMakeFiles/CMakeTmp'
Building C object CMakeFiles/cmTC_0d17c.dir/CheckSymbolExists.c.o
/usr/bin/cc   -Wno-implicit-fallthrough -pipe -Wall -W -pthread    -o CMakeFiles/cmTC_0d17c.dir/CheckSymbolExists.c.o   -c /home/default/Repos/root/build/CMakeFiles/CMakeTmp/CheckSymbolExists.c
/home/default/Repos/root/build/CMakeFiles/CMakeTmp/CheckSymbolExists.c: In function 'main':
/home/default/Repos/root/build/CMakeFiles/CMakeTmp/CheckSymbolExists.c:8:19: error: 'arc4random' undeclared (first use in this function); did you mean 'srandom'?
   return ((int*)(&arc4random))[argc];
                   ^~~~~~~~~~
                   srandom
/home/default/Repos/root/build/CMakeFiles/CMakeTmp/CheckSymbolExists.c:8:19: note: each undeclared identifier is reported only once for each function it appears in
/home/default/Repos/root/build/CMakeFiles/CMakeTmp/CheckSymbolExists.c:4:14: warning: parameter 'argc' set but not used [-Wunused-but-set-parameter]
 int main(int argc, char** argv)
              ^~~~
CMakeFiles/cmTC_0d17c.dir/build.make:65: recipe for target 'CMakeFiles/cmTC_0d17c.dir/CheckSymbolExists.c.o' failed
make[1]: *** [CMakeFiles/cmTC_0d17c.dir/CheckSymbolExists.c.o] Error 1
make[1]: Leaving directory '/home/default/Repos/root/build/CMakeFiles/CMakeTmp'
Makefile:126: recipe for target 'cmTC_0d17c/fast' failed
make: *** [cmTC_0d17c/fast] Error 2

File /home/default/Repos/root/build/CMakeFiles/CMakeTmp/CheckSymbolExists.c:
/* */
#include <stdlib.h>

int main(int argc, char** argv)
{
  (void)argv;
#ifndef arc4random
  return ((int*)(&arc4random))[argc];
#else
  (void)argc;
  return 0;
#endif
}

Determining if the mallctl exist failed with the following output:
Change Dir: /home/default/Repos/root/build/CMakeFiles/CMakeTmp

Run Build Command:"/usr/bin/make" "cmTC_a4173/fast"
/usr/bin/make -f CMakeFiles/cmTC_a4173.dir/build.make CMakeFiles/cmTC_a4173.dir/build
make[1]: Entering directory '/home/default/Repos/root/build/CMakeFiles/CMakeTmp'
Building C object CMakeFiles/cmTC_a4173.dir/CheckSymbolExists.c.o
/usr/bin/cc   -Wno-implicit-fallthrough -pipe -Wall -W -pthread    -o CMakeFiles/cmTC_a4173.dir/CheckSymbolExists.c.o   -c /home/default/Repos/root/build/CMakeFiles/CMakeTmp/CheckSymbolExists.c
/home/default/Repos/root/build/CMakeFiles/CMakeTmp/CheckSymbolExists.c:2:10: fatal error: malloc_np.h: No such file or directory
 #include <malloc_np.h>
          ^~~~~~~~~~~~~
compilation terminated.
CMakeFiles/cmTC_a4173.dir/build.make:65: recipe for target 'CMakeFiles/cmTC_a4173.dir/CheckSymbolExists.c.o' failed
make[1]: *** [CMakeFiles/cmTC_a4173.dir/CheckSymbolExists.c.o] Error 1
make[1]: Leaving directory '/home/default/Repos/root/build/CMakeFiles/CMakeTmp'
Makefile:126: recipe for target 'cmTC_a4173/fast' failed
make: *** [cmTC_a4173/fast] Error 2

File /home/default/Repos/root/build/CMakeFiles/CMakeTmp/CheckSymbolExists.c:
/* */
#include <malloc_np.h>

int main(int argc, char** argv)
{
  (void)argv;
#ifndef mallctl
  return ((int*)(&mallctl))[argc];
#else
  (void)argc;
  return 0;
#endif
}

Determining if the malloc_zone_statistics exist failed with the following output:
Change Dir: /home/default/Repos/root/build/CMakeFiles/CMakeTmp

Run Build Command:"/usr/bin/make" "cmTC_70809/fast"
/usr/bin/make -f CMakeFiles/cmTC_70809.dir/build.make CMakeFiles/cmTC_70809.dir/build
make[1]: Entering directory '/home/default/Repos/root/build/CMakeFiles/CMakeTmp'
Building C object CMakeFiles/cmTC_70809.dir/CheckSymbolExists.c.o
/usr/bin/cc   -Wno-implicit-fallthrough -pipe -Wall -W -pthread    -o CMakeFiles/cmTC_70809.dir/CheckSymbolExists.c.o   -c /home/default/Repos/root/build/CMakeFiles/CMakeTmp/CheckSymbolExists.c
/home/default/Repos/root/build/CMakeFiles/CMakeTmp/CheckSymbolExists.c:2:10: fatal error: malloc/malloc.h: No such file or directory
 #include <malloc/malloc.h>
          ^~~~~~~~~~~~~~~~~
compilation terminated.
CMakeFiles/cmTC_70809.dir/build.make:65: recipe for target 'CMakeFiles/cmTC_70809.dir/CheckSymbolExists.c.o' failed
make[1]: *** [CMakeFiles/cmTC_70809.dir/CheckSymbolExists.c.o] Error 1
make[1]: Leaving directory '/home/default/Repos/root/build/CMakeFiles/CMakeTmp'
Makefile:126: recipe for target 'cmTC_70809/fast' failed
make: *** [cmTC_70809/fast] Error 2

File /home/default/Repos/root/build/CMakeFiles/CMakeTmp/CheckSymbolExists.c:
/* */
#include <malloc/malloc.h>

int main(int argc, char** argv)
{
  (void)argv;
#ifndef malloc_zone_statistics
  return ((int*)(&malloc_zone_statistics))[argc];
#else
  (void)argc;
  return 0;
#endif
}

Determining if the strerror_s exist failed with the following output:
Change Dir: /home/default/Repos/root/build/CMakeFiles/CMakeTmp

Run Build Command:"/usr/bin/make" "cmTC_88fd8/fast"
/usr/bin/make -f CMakeFiles/cmTC_88fd8.dir/build.make CMakeFiles/cmTC_88fd8.dir/build
make[1]: Entering directory '/home/default/Repos/root/build/CMakeFiles/CMakeTmp'
Building C object CMakeFiles/cmTC_88fd8.dir/CheckSymbolExists.c.o
/usr/bin/cc   -Wno-implicit-fallthrough -pipe -Wall -W -pthread    -o CMakeFiles/cmTC_88fd8.dir/CheckSymbolExists.c.o   -c /home/default/Repos/root/build/CMakeFiles/CMakeTmp/CheckSymbolExists.c
/home/default/Repos/root/build/CMakeFiles/CMakeTmp/CheckSymbolExists.c: In function 'main':
/home/default/Repos/root/build/CMakeFiles/CMakeTmp/CheckSymbolExists.c:8:19: error: 'strerror_s' undeclared (first use in this function); did you mean 'strerror_l'?
   return ((int*)(&strerror_s))[argc];
                   ^~~~~~~~~~
                   strerror_l
/home/default/Repos/root/build/CMakeFiles/CMakeTmp/CheckSymbolExists.c:8:19: note: each undeclared identifier is reported only once for each function it appears in
/home/default/Repos/root/build/CMakeFiles/CMakeTmp/CheckSymbolExists.c:4:14: warning: parameter 'argc' set but not used [-Wunused-but-set-parameter]
 int main(int argc, char** argv)
              ^~~~
CMakeFiles/cmTC_88fd8.dir/build.make:65: recipe for target 'CMakeFiles/cmTC_88fd8.dir/CheckSymbolExists.c.o' failed
make[1]: *** [CMakeFiles/cmTC_88fd8.dir/CheckSymbolExists.c.o] Error 1
make[1]: Leaving directory '/home/default/Repos/root/build/CMakeFiles/CMakeTmp'
Makefile:126: recipe for target 'cmTC_88fd8/fast' failed
make: *** [cmTC_88fd8/fast] Error 2

File /home/default/Repos/root/build/CMakeFiles/CMakeTmp/CheckSymbolExists.c:
/* */
#include <string.h>

int main(int argc, char** argv)
{
  (void)argv;
#ifndef strerror_s
  return ((int*)(&strerror_s))[argc];
#else
  (void)argc;
  return 0;
#endif
}

Determining if the dladdr exist failed with the following output:
Change Dir: /home/default/Repos/root/build/CMakeFiles/CMakeTmp

Run Build Command:"/usr/bin/make" "cmTC_5b29c/fast"
/usr/bin/make -f CMakeFiles/cmTC_5b29c.dir/build.make CMakeFiles/cmTC_5b29c.dir/build
make[1]: Entering directory '/home/default/Repos/root/build/CMakeFiles/CMakeTmp'
Building C object CMakeFiles/cmTC_5b29c.dir/CheckSymbolExists.c.o
/usr/bin/cc   -Wno-implicit-fallthrough -pipe -Wall -W -pthread    -o CMakeFiles/cmTC_5b29c.dir/CheckSymbolExists.c.o   -c /home/default/Repos/root/build/CMakeFiles/CMakeTmp/CheckSymbolExists.c
/home/default/Repos/root/build/CMakeFiles/CMakeTmp/CheckSymbolExists.c: In function 'main':
/home/default/Repos/root/build/CMakeFiles/CMakeTmp/CheckSymbolExists.c:8:19: error: 'dladdr' undeclared (first use in this function)
   return ((int*)(&dladdr))[argc];
                   ^~~~~~
/home/default/Repos/root/build/CMakeFiles/CMakeTmp/CheckSymbolExists.c:8:19: note: each undeclared identifier is reported only once for each function it appears in
/home/default/Repos/root/build/CMakeFiles/CMakeTmp/CheckSymbolExists.c:4:14: warning: parameter 'argc' set but not used [-Wunused-but-set-parameter]
 int main(int argc, char** argv)
              ^~~~
CMakeFiles/cmTC_5b29c.dir/build.make:65: recipe for target 'CMakeFiles/cmTC_5b29c.dir/CheckSymbolExists.c.o' failed
make[1]: *** [CMakeFiles/cmTC_5b29c.dir/CheckSymbolExists.c.o] Error 1
make[1]: Leaving directory '/home/default/Repos/root/build/CMakeFiles/CMakeTmp'
Makefile:126: recipe for target 'cmTC_5b29c/fast' failed
make: *** [cmTC_5b29c/fast] Error 2

File /home/default/Repos/root/build/CMakeFiles/CMakeTmp/CheckSymbolExists.c:
/* */
#include <dlfcn.h>

int main(int argc, char** argv)
{
  (void)argv;
#ifndef dladdr
  return ((int*)(&dladdr))[argc];
#else
  (void)argc;
  return 0;
#endif
}

Performing C++ SOURCE FILE Test SUPPORTS_GNU_ZERO_VARIADIC_MACRO_ARGUMENTS_FLAG failed with the following output:
Change Dir: /home/default/Repos/root/build/CMakeFiles/CMakeTmp

Run Build Command:"/usr/bin/make" "cmTC_7ec1c/fast"
/usr/bin/make -f CMakeFiles/cmTC_7ec1c.dir/build.make CMakeFiles/cmTC_7ec1c.dir/build
make[1]: Entering directory '/home/default/Repos/root/build/CMakeFiles/CMakeTmp'
Building CXX object CMakeFiles/cmTC_7ec1c.dir/src.cxx.o
/usr/bin/c++    -std=c++11 -Wno-implicit-fallthrough -Wno-noexcept-type -pipe  -Wshadow -Wall -W -Woverloaded-virtual -fsigned-char -pthread -fvisibility=hidden -DSUPPORTS_GNU_ZERO_VARIADIC_MACRO_ARGUMENTS_FLAG   -Wgnu-zero-variadic-macro-arguments -o CMakeFiles/cmTC_7ec1c.dir/src.cxx.o -c /home/default/Repos/root/build/CMakeFiles/CMakeTmp/src.cxx
c++: error: unrecognized command line option '-Wgnu-zero-variadic-macro-arguments'; did you mean '-Wno-variadic-macros'?
CMakeFiles/cmTC_7ec1c.dir/build.make:65: recipe for target 'CMakeFiles/cmTC_7ec1c.dir/src.cxx.o' failed
make[1]: *** [CMakeFiles/cmTC_7ec1c.dir/src.cxx.o] Error 1
make[1]: Leaving directory '/home/default/Repos/root/build/CMakeFiles/CMakeTmp'
Makefile:126: recipe for target 'cmTC_7ec1c/fast' failed
make: *** [cmTC_7ec1c/fast] Error 2

Source file was:
int main() { return 0;}
Performing C++ SOURCE FILE Test CXX_SUPPORTS_NO_NESTED_ANON_TYPES_FLAG failed with the following output:
Change Dir: /home/default/Repos/root/build/CMakeFiles/CMakeTmp

Run Build Command:"/usr/bin/make" "cmTC_a5e0e/fast"
/usr/bin/make -f CMakeFiles/cmTC_a5e0e.dir/build.make CMakeFiles/cmTC_a5e0e.dir/build
make[1]: Entering directory '/home/default/Repos/root/build/CMakeFiles/CMakeTmp'
Building CXX object CMakeFiles/cmTC_a5e0e.dir/src.cxx.o
/usr/bin/c++    -std=c++11 -Wno-implicit-fallthrough -Wno-noexcept-type -pipe  -Wshadow -Wall -W -Woverloaded-virtual -fsigned-char -pthread -fvisibility=hidden -fPIC -fvisibility-inlines-hidden -Werror=date-time -std=c++11 -w -ffunction-sections -fdata-sections -fno-common -Woverloaded-virtual -fno-strict-aliasing -DCXX_SUPPORTS_NO_NESTED_ANON_TYPES_FLAG   -Werror -Wnested-anon-types -o CMakeFiles/cmTC_a5e0e.dir/src.cxx.o -c /home/default/Repos/root/build/CMakeFiles/CMakeTmp/src.cxx
c++: error: unrecognized command line option '-Wnested-anon-types'; did you mean '-Wnested-externs'?
CMakeFiles/cmTC_a5e0e.dir/build.make:65: recipe for target 'CMakeFiles/cmTC_a5e0e.dir/src.cxx.o' failed
make[1]: *** [CMakeFiles/cmTC_a5e0e.dir/src.cxx.o] Error 1
make[1]: Leaving directory '/home/default/Repos/root/build/CMakeFiles/CMakeTmp'
Makefile:126: recipe for target 'cmTC_a5e0e/fast' failed
make: *** [cmTC_a5e0e/fast] Error 2

Source file was:
int main() { return 0;}
Determining if the m exist failed with the following output:
Change Dir: /home/default/Repos/root/build/CMakeFiles/CMakeTmp

Run Build Command:"/usr/bin/make" "cmTC_fd933/fast"
/usr/bin/make -f CMakeFiles/cmTC_fd933.dir/build.make CMakeFiles/cmTC_fd933.dir/build
make[1]: Entering directory '/home/default/Repos/root/build/CMakeFiles/CMakeTmp'
Building C object CMakeFiles/cmTC_fd933.dir/CheckSymbolExists.c.o
/usr/bin/cc   -Wno-implicit-fallthrough -pipe -Wall -W -pthread    -o CMakeFiles/cmTC_fd933.dir/CheckSymbolExists.c.o   -c /home/default/Repos/root/build/CMakeFiles/CMakeTmp/CheckSymbolExists.c
/home/default/Repos/root/build/CMakeFiles/CMakeTmp/CheckSymbolExists.c:2:10: fatal error: __sqrt_finite: No such file or directory
 #include <__sqrt_finite>
          ^~~~~~~~~~~~~~~
compilation terminated.
CMakeFiles/cmTC_fd933.dir/build.make:65: recipe for target 'CMakeFiles/cmTC_fd933.dir/CheckSymbolExists.c.o' failed
make[1]: *** [CMakeFiles/cmTC_fd933.dir/CheckSymbolExists.c.o] Error 1
make[1]: Leaving directory '/home/default/Repos/root/build/CMakeFiles/CMakeTmp'
Makefile:126: recipe for target 'cmTC_fd933/fast' failed
make: *** [cmTC_fd933/fast] Error 2

File /home/default/Repos/root/build/CMakeFiles/CMakeTmp/CheckSymbolExists.c:
/* */
#include <__sqrt_finite>

int main(int argc, char** argv)
{
  (void)argv;
#ifndef m
  return ((int*)(&m))[argc];
#else
  (void)argc;
  return 0;
#endif
}

Performing C++ SOURCE FILE Test found_stdstringview failed with the following output:
Change Dir: /home/default/Repos/root/build/CMakeFiles/CMakeTmp

Run Build Command:"/usr/bin/make" "cmTC_d9559/fast"
/usr/bin/make -f CMakeFiles/cmTC_d9559.dir/build.make CMakeFiles/cmTC_d9559.dir/build
make[1]: Entering directory '/home/default/Repos/root/build/CMakeFiles/CMakeTmp'
Building CXX object CMakeFiles/cmTC_d9559.dir/src.cxx.o
/usr/bin/c++    -std=c++11 -Wno-implicit-fallthrough -Wno-noexcept-type -pipe  -Wshadow -Wall -W -Woverloaded-virtual -fsigned-char -pthread -Dfound_stdstringview   -std=c++11 -o CMakeFiles/cmTC_d9559.dir/src.cxx.o -c /home/default/Repos/root/build/CMakeFiles/CMakeTmp/src.cxx
/home/default/Repos/root/build/CMakeFiles/CMakeTmp/src.cxx: In function 'int main()':
/home/default/Repos/root/build/CMakeFiles/CMakeTmp/src.cxx:2:52: error: 'string_view' is not a member of 'std'
   int main() { char arr[3] = {'B', 'a', 'r'}; std::string_view strv(arr, sizeof(arr)); return 0;}
                                                    ^~~~~~~~~~~
/home/default/Repos/root/build/CMakeFiles/CMakeTmp/src.cxx:2:21: warning: unused variable 'arr' [-Wunused-variable]
   int main() { char arr[3] = {'B', 'a', 'r'}; std::string_view strv(arr, sizeof(arr)); return 0;}
                     ^~~
CMakeFiles/cmTC_d9559.dir/build.make:65: recipe for target 'CMakeFiles/cmTC_d9559.dir/src.cxx.o' failed
make[1]: *** [CMakeFiles/cmTC_d9559.dir/src.cxx.o] Error 1
make[1]: Leaving directory '/home/default/Repos/root/build/CMakeFiles/CMakeTmp'
Makefile:126: recipe for target 'cmTC_d9559/fast' failed
make: *** [cmTC_d9559/fast] Error 2

Source file was:
#include <string_view>
  int main() { char arr[3] = {'B', 'a', 'r'}; std::string_view strv(arr, sizeof(arr)); return 0;}
Performing C++ SOURCE FILE Test found_stdexpstringview failed with the following output:
Change Dir: /home/default/Repos/root/build/CMakeFiles/CMakeTmp

Run Build Command:"/usr/bin/make" "cmTC_2a43b/fast"
/usr/bin/make -f CMakeFiles/cmTC_2a43b.dir/build.make CMakeFiles/cmTC_2a43b.dir/build
make[1]: Entering directory '/home/default/Repos/root/build/CMakeFiles/CMakeTmp'
Building CXX object CMakeFiles/cmTC_2a43b.dir/src.cxx.o
/usr/bin/c++    -std=c++11 -Wno-implicit-fallthrough -Wno-noexcept-type -pipe  -Wshadow -Wall -W -Woverloaded-virtual -fsigned-char -pthread -Dfound_stdexpstringview   -std=c++11 -o CMakeFiles/cmTC_2a43b.dir/src.cxx.o -c /home/default/Repos/root/build/CMakeFiles/CMakeTmp/src.cxx
/home/default/Repos/root/build/CMakeFiles/CMakeTmp/src.cxx: In function 'int main()':
/home/default/Repos/root/build/CMakeFiles/CMakeTmp/src.cxx:2:53: error: 'std::experimental' has not been declared
    int main() { char arr[3] = {'B', 'a', 'r'}; std::experimental::string_view strv(arr, sizeof(arr)); return 0;}
                                                     ^~~~~~~~~~~~
/home/default/Repos/root/build/CMakeFiles/CMakeTmp/src.cxx:2:22: warning: unused variable 'arr' [-Wunused-variable]
    int main() { char arr[3] = {'B', 'a', 'r'}; std::experimental::string_view strv(arr, sizeof(arr)); return 0;}
                      ^~~
CMakeFiles/cmTC_2a43b.dir/build.make:65: recipe for target 'CMakeFiles/cmTC_2a43b.dir/src.cxx.o' failed
make[1]: *** [CMakeFiles/cmTC_2a43b.dir/src.cxx.o] Error 1
make[1]: Leaving directory '/home/default/Repos/root/build/CMakeFiles/CMakeTmp'
Makefile:126: recipe for target 'cmTC_2a43b/fast' failed
make: *** [cmTC_2a43b/fast] Error 2

Source file was:
#include <experimental/string_view>
   int main() { char arr[3] = {'B', 'a', 'r'}; std::experimental::string_view strv(arr, sizeof(arr)); return 0;}
Performing C++ SOURCE FILE Test found_stdapply failed with the following output:
Change Dir: /home/default/Repos/root/build/CMakeFiles/CMakeTmp

Run Build Command:"/usr/bin/make" "cmTC_6569c/fast"
/usr/bin/make -f CMakeFiles/cmTC_6569c.dir/build.make CMakeFiles/cmTC_6569c.dir/build
make[1]: Entering directory '/home/default/Repos/root/build/CMakeFiles/CMakeTmp'
Building CXX object CMakeFiles/cmTC_6569c.dir/src.cxx.o
/usr/bin/c++    -std=c++11 -Wno-implicit-fallthrough -Wno-noexcept-type -pipe  -Wshadow -Wall -W -Woverloaded-virtual -fsigned-char -pthread -Dfound_stdapply   -std=c++11 -o CMakeFiles/cmTC_6569c.dir/src.cxx.o -c /home/default/Repos/root/build/CMakeFiles/CMakeTmp/src.cxx
/home/default/Repos/root/build/CMakeFiles/CMakeTmp/src.cxx: In function 'int main()':
/home/default/Repos/root/build/CMakeFiles/CMakeTmp/src.cxx:2:19: error: 'apply' is not a member of 'std'
 int main() { std::apply([](int, int){}, std::make_tuple(1,2)); return 0;}
                   ^~~~~
CMakeFiles/cmTC_6569c.dir/build.make:65: recipe for target 'CMakeFiles/cmTC_6569c.dir/src.cxx.o' failed
make[1]: *** [CMakeFiles/cmTC_6569c.dir/src.cxx.o] Error 1
make[1]: Leaving directory '/home/default/Repos/root/build/CMakeFiles/CMakeTmp'
Makefile:126: recipe for target 'cmTC_6569c/fast' failed
make: *** [cmTC_6569c/fast] Error 2

Source file was:
#include <tuple>
int main() { std::apply([](int, int){}, std::make_tuple(1,2)); return 0;}
Performing C++ SOURCE FILE Test found_stdinvoke failed with the following output:
Change Dir: /home/default/Repos/root/build/CMakeFiles/CMakeTmp

Run Build Command:"/usr/bin/make" "cmTC_97ce1/fast"
/usr/bin/make -f CMakeFiles/cmTC_97ce1.dir/build.make CMakeFiles/cmTC_97ce1.dir/build
make[1]: Entering directory '/home/default/Repos/root/build/CMakeFiles/CMakeTmp'
Building CXX object CMakeFiles/cmTC_97ce1.dir/src.cxx.o
/usr/bin/c++    -std=c++11 -Wno-implicit-fallthrough -Wno-noexcept-type -pipe  -Wshadow -Wall -W -Woverloaded-virtual -fsigned-char -pthread -Dfound_stdinvoke   -std=c++11 -o CMakeFiles/cmTC_97ce1.dir/src.cxx.o -c /home/default/Repos/root/build/CMakeFiles/CMakeTmp/src.cxx
/home/default/Repos/root/build/CMakeFiles/CMakeTmp/src.cxx: In function 'int main()':
/home/default/Repos/root/build/CMakeFiles/CMakeTmp/src.cxx:2:26: error: 'invoke' is not a member of 'std'
 int main() { return std::invoke([](int i){return i;}, 0); }
                          ^~~~~~
/home/default/Repos/root/build/CMakeFiles/CMakeTmp/src.cxx:2:26: note: suggested alternative: '__invoke'
 int main() { return std::invoke([](int i){return i;}, 0); }
                          ^~~~~~
                          __invoke
CMakeFiles/cmTC_97ce1.dir/build.make:65: recipe for target 'CMakeFiles/cmTC_97ce1.dir/src.cxx.o' failed
make[1]: *** [CMakeFiles/cmTC_97ce1.dir/src.cxx.o] Error 1
make[1]: Leaving directory '/home/default/Repos/root/build/CMakeFiles/CMakeTmp'
Makefile:126: recipe for target 'cmTC_97ce1/fast' failed
make: *** [cmTC_97ce1/fast] Error 2

Source file was:
#include <functional>
int main() { return std::invoke([](int i){return i;}, 0); }
Performing C++ SOURCE FILE Test found_stdindexsequence failed with the following output:
Change Dir: /home/default/Repos/root/build/CMakeFiles/CMakeTmp

Run Build Command:"/usr/bin/make" "cmTC_3e4c2/fast"
/usr/bin/make -f CMakeFiles/cmTC_3e4c2.dir/build.make CMakeFiles/cmTC_3e4c2.dir/build
make[1]: Entering directory '/home/default/Repos/root/build/CMakeFiles/CMakeTmp'
Building CXX object CMakeFiles/cmTC_3e4c2.dir/src.cxx.o
/usr/bin/c++    -std=c++11 -Wno-implicit-fallthrough -Wno-noexcept-type -pipe  -Wshadow -Wall -W -Woverloaded-virtual -fsigned-char -pthread -Dfound_stdindexsequence   -std=c++11 -o CMakeFiles/cmTC_3e4c2.dir/src.cxx.o -c /home/default/Repos/root/build/CMakeFiles/CMakeTmp/src.cxx
/home/default/Repos/root/build/CMakeFiles/CMakeTmp/src.cxx: In function 'int main()':
/home/default/Repos/root/build/CMakeFiles/CMakeTmp/src.cxx:4:35: error: 'integer_sequence' is not a member of 'std'
   static_assert(std::is_same<std::integer_sequence<std::size_t, 0, 1, 2>, std::make_index_sequence<3>>::value, "");
                                   ^~~~~~~~~~~~~~~~
/home/default/Repos/root/build/CMakeFiles/CMakeTmp/src.cxx:4:35: error: 'integer_sequence' is not a member of 'std'
/home/default/Repos/root/build/CMakeFiles/CMakeTmp/src.cxx:4:72: error: wrong number of template arguments (4, should be 2)
   static_assert(std::is_same<std::integer_sequence<std::size_t, 0, 1, 2>, std::make_index_sequence<3>>::value, "");
                                                                        ^
In file included from /usr/include/c++/7/bits/move.h:54:0,
                 from /usr/include/c++/7/bits/stl_pair.h:59,
                 from /usr/include/c++/7/utility:70,
                 from /home/default/Repos/root/build/CMakeFiles/CMakeTmp/src.cxx:1:
/usr/include/c++/7/type_traits:994:12: note: provided for 'template<class, class> struct std::is_same'
     struct is_same;
            ^~~~~~~
/home/default/Repos/root/build/CMakeFiles/CMakeTmp/src.cxx:4:75: error: expected string-literal before 'std'
   static_assert(std::is_same<std::integer_sequence<std::size_t, 0, 1, 2>, std::make_index_sequence<3>>::value, "");
                                                                           ^~~
/home/default/Repos/root/build/CMakeFiles/CMakeTmp/src.cxx:4:75: error: expected ')' before 'std'
CMakeFiles/cmTC_3e4c2.dir/build.make:65: recipe for target 'CMakeFiles/cmTC_3e4c2.dir/src.cxx.o' failed
make[1]: *** [CMakeFiles/cmTC_3e4c2.dir/src.cxx.o] Error 1
make[1]: Leaving directory '/home/default/Repos/root/build/CMakeFiles/CMakeTmp'
Makefile:126: recipe for target 'cmTC_3e4c2/fast' failed
make: *** [cmTC_3e4c2/fast] Error 2

Source file was:
#include <utility>
#include <type_traits>
int main() {
  static_assert(std::is_same<std::integer_sequence<std::size_t, 0, 1, 2>, std::make_index_sequence<3>>::value, "");
  return 0;
}
